[debug] [2026-04-09T06:38:22.890Z] ----------------------------------------------------------------------
[debug] [2026-04-09T06:38:22.891Z] Command:       C:\Program Files\nodejs\node.exe C:\Users\ayush\AppData\Roaming\npm\node_modules\firebase-tools\lib\bin\firebase.js init
[debug] [2026-04-09T06:38:22.892Z] CLI Version:   15.13.0
[debug] [2026-04-09T06:38:22.892Z] Platform:      win32
[debug] [2026-04-09T06:38:22.892Z] Node Version:  v24.14.1
[debug] [2026-04-09T06:38:22.892Z] Time:          Thu Apr 09 2026 12:08:22 GMT+0530 (India Standard Time)
[debug] [2026-04-09T06:38:22.892Z] ----------------------------------------------------------------------
[debug] 
[info] 
     ######## #### ########  ######## ########     ###     ######  ########
     ##        ##  ##     ## ##       ##     ##  ##   ##  ##       ##
     ######    ##  ########  ######   ########  #########  ######  ######
     ##        ##  ##    ##  ##       ##     ## ##     ##       ## ##
     ##       #### ##     ## ######## ########  ##     ##  ######  ########

You're about to initialize a Firebase project in this directory:

  C:\Users\ayush\Documents\Assignment_tracker

Before we get started, keep in mind:

  * You are initializing within an existing Firebase project directory

[info] 
=== Project Setup
[info] 
[info] First, let's associate this project directory with a Firebase project.
[info] You can create multiple project aliases by running firebase use --add, 
[info] 
[debug] [2026-04-09T06:38:35.767Z] > command requires scopes: ["email","openid","https://www.googleapis.com/auth/cloudplatformprojects.readonly","https://www.googleapis.com/auth/firebase","https://www.googleapis.com/auth/cloud-platform"]
[debug] [2026-04-09T06:38:35.767Z] > authorizing via signed-in user (ayushvashist077@gmail.com)
[debug] [2026-04-09T06:38:35.768Z] Checked if tokens are valid: true, expires at: 1775720014847
[debug] [2026-04-09T06:38:35.768Z] Checked if tokens are valid: true, expires at: 1775720014847
[debug] [2026-04-09T06:38:35.769Z] >>> [apiv2][query] GET https://firebase.googleapis.com/v1beta1/projects/assignment-tracker-a787c [none]
[debug] [2026-04-09T06:38:36.286Z] <<< [apiv2][status] GET https://firebase.googleapis.com/v1beta1/projects/assignment-tracker-a787c 200
[debug] [2026-04-09T06:38:36.286Z] <<< [apiv2][body] GET https://firebase.googleapis.com/v1beta1/projects/assignment-tracker-a787c {"projectId":"assignment-tracker-a787c","projectNumber":"4827172483","displayName":"assignment-tracker","name":"projects/assignment-tracker-a787c","resources":{"hostingSite":"assignment-tracker-a787c"},"state":"ACTIVE","etag":"1_80b1010d-1356-492b-8578-ffc9ff4dcfef"}
[info] i  Using project assignment-tracker-a787c (assignment-tracker) . 
[info] 
=== Hosting Setup
[debug] [2026-04-09T06:38:44.110Z] Checked if tokens are valid: true, expires at: 1775720014847
[debug] [2026-04-09T06:38:44.110Z] Checked if tokens are valid: true, expires at: 1775720014847
[debug] [2026-04-09T06:38:44.110Z] >>> [apiv2][query] GET https://firebase.googleapis.com/v1beta1/projects/assignment-tracker-a787c [none]
[debug] [2026-04-09T06:38:44.575Z] <<< [apiv2][status] GET https://firebase.googleapis.com/v1beta1/projects/assignment-tracker-a787c 200
[debug] [2026-04-09T06:38:44.576Z] <<< [apiv2][body] GET https://firebase.googleapis.com/v1beta1/projects/assignment-tracker-a787c {"projectId":"assignment-tracker-a787c","projectNumber":"4827172483","displayName":"assignment-tracker","name":"projects/assignment-tracker-a787c","resources":{"hostingSite":"assignment-tracker-a787c"},"state":"ACTIVE","etag":"1_80b1010d-1356-492b-8578-ffc9ff4dcfef"}
[info] 
[info] Your public directory is the folder (relative to your project directory) that
[info] will contain Hosting assets to be uploaded with firebase deploy. If you
[info] have a build process for your assets, use your build's output directory.
[info] 
[info] 
[info] i  Didn't detect a .git folder. Assuming C:\Users\ayush\Documents\Assignment_tracker is the project root. 
[info] i  Authorizing with GitHub to upload your service account to a GitHub repository's secrets store. 
[info] 
[info] Visit this URL on this device to log in:
[info] https://github.com/login/oauth/authorize?client_id=89cf50f02ac6aaed3484&state=177169234&redirect_uri=http%3A%2F%2Flocalhost%3A9005&scope=read%3Auser%20repo%20public_repo
[info] 
[info] Waiting for authentication...
[debug] [2026-04-09T06:39:46.644Z] >>> [apiv2][query] POST https://github.com/login/oauth/access_token [none]
[debug] [2026-04-09T06:39:46.645Z] >>> [apiv2][body] POST https://github.com/login/oauth/access_token [stream]
[debug] [2026-04-09T06:39:47.111Z] <<< [apiv2][status] POST https://github.com/login/oauth/access_token 200
[debug] [2026-04-09T06:39:47.111Z] <<< [apiv2][body] POST https://github.com/login/oauth/access_token {"access_token":"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","token_type":"bearer","scope":"read:user,repo"}
[debug] [2026-04-09T06:39:47.116Z] >>> [apiv2][query] GET https://api.github.com/user [none]
[debug] [2026-04-09T06:39:47.562Z] <<< [apiv2][status] GET https://api.github.com/user 200
[debug] [2026-04-09T06:39:47.562Z] <<< [apiv2][body] GET https://api.github.com/user {"login":"ayushvashist077","id":72148619,"node_id":"MDQ6VXNlcjcyMTQ4NjE5","avatar_url":"https://avatars.githubusercontent.com/u/72148619?v=4","gravatar_id":"","url":"https://api.github.com/users/ayushvashist077","html_url":"https://github.com/ayushvashist077","followers_url":"https://api.github.com/users/ayushvashist077/followers","following_url":"https://api.github.com/users/ayushvashist077/following{/other_user}","gists_url":"https://api.github.com/users/ayushvashist077/gists{/gist_id}","starred_url":"https://api.github.com/users/ayushvashist077/starred{/owner}{/repo}","subscriptions_url":"https://api.github.com/users/ayushvashist077/subscriptions","organizations_url":"https://api.github.com/users/ayushvashist077/orgs","repos_url":"https://api.github.com/users/ayushvashist077/repos","events_url":"https://api.github.com/users/ayushvashist077/events{/privacy}","received_events_url":"https://api.github.com/users/ayushvashist077/received_events","type":"User","user_view_type":"private","site_admin":false,"name":"Ayush Vashist","company":null,"blog":"","location":"Vasco Da Gamma, GOA","email":null,"hireable":null,"bio":"Undergrad at KIIT university.","twitter_username":null,"notification_email":null,"public_repos":8,"public_gists":0,"followers":8,"following":11,"created_at":"2020-09-30T14:40:30Z","updated_at":"2026-04-02T13:11:59Z","private_gists":0,"total_private_repos":1,"owned_private_repos":1,"disk_usage":89,"collaborators":0,"two_factor_authentication":true,"plan":{"name":"pro","space":976562499,"collaborators":0,"private_repos":9999}}
[info] 
[info] +  Success! Logged into GitHub as ayushvashist077 
[info] 
[debug] [2026-04-09T06:40:38.061Z] ExitPromptError: User force closed the prompt with SIGINT
    at Interface.sigint (C:\Users\ayush\AppData\Roaming\npm\node_modules\firebase-tools\node_modules\@inquirer\core\dist\commonjs\lib\create-prompt.js:101:37)
    at Interface.emit (node:events:508:28)
    at [_ttyWrite] [as _ttyWrite] (node:internal/readline/interface:1327:18)
    at ReadStream.onkeypress (node:internal/readline/interface:284:20)
    at ReadStream.emit (node:events:520:35)
    at emitKeys (node:internal/readline/utils:371:14)
    at emitKeys.next (<anonymous>)
    at ReadStream.onData (node:internal/readline/emitKeypressEvents:64:36)
    at ReadStream.emit (node:events:508:28)
    at addChunk (node:internal/streams/readable:563:12)
[error] 
[error] Error: An unexpected error has occurred.
